<?xml version="1.0" encoding="UTF-8"?>
<Site BuildName="Linux-x86_64-redhat-linux-g++"
	BuildStamp="20220117-1151-Experimental"
	Name="iZwz9e3n1gmxunyvffryqxZ"
	Generator="ctest-3.22.1"
	CompilerName="/usr/bin/x86_64-redhat-linux-g++"
	CompilerVersion="4.8.5"
	OSName="Linux"
	Hostname="iZwz9e3n1gmxunyvffryqxZ"
	OSRelease="3.10.0-957.21.3.el7.x86_64"
	OSVersion="#1 SMP Tue Jun 18 16:35:19 UTC 2019"
	OSPlatform="x86_64"
	Is64Bits="1"
	VendorString="GenuineIntel"
	VendorID="Intel Corporation"
	FamilyID="6"
	ModelID="85"
	ProcessorCacheSize="36608"
	NumberOfLogicalCPU="2"
	NumberOfPhysicalCPU="1"
	TotalVirtualMemory="1024"
	TotalPhysicalMemory="1734"
	LogicalProcessorsPerPhysical="2"
	ProcessorClockFrequency="2500"
	>
	<Testing>
		<StartDateTime>Jan 17 19:51 CST</StartDateTime>
		<StartTestTime>1642420305</StartTestTime>
		<TestList/>
		<EndDateTime>Jan 17 19:51 CST</EndDateTime>
		<EndTestTime>1642420305</EndTestTime>
		<ElapsedMinutes>0</ElapsedMinutes>
	</Testing>
</Site>
